# JRE version: Java(TM) SE Runtime Environment (8.0_144-b01) (build 1.8.0_144-b01)
# Java VM: Java HotSpot(TM) 64-Bit Server VM (25.144-b01 mixed mode bsd-amd64 compressed oops)
Heap:
 PSYoungGen      total 115712K, used 14213K [0x0000000795580000, 0x00000007a0f80000, 0x00000007c0000000)
  eden space 104448K, 2% used [0x0000000795580000,0x0000000795863dd8,0x000000079bb80000)
  from space 11264K, 99% used [0x000000079bb80000,0x000000079c67d7d0,0x000000079c680000)
  to   space 13312K, 0% used [0x00000007a0280000,0x00000007a0280000,0x00000007a0f80000)
 ParOldGen       total 55296K, used 12499K [0x0000000740000000, 0x0000000743600000, 0x0000000795580000)
  object space 55296K, 22% used [0x0000000740000000,0x0000000740c34ef0,0x0000000743600000)
 Metaspace       used 30112K, capacity 31574K, committed 31872K, reserved 1077248K
  class space    used 4075K, capacity 4365K, committed 4480K, reserved 1048576K
GC Heap History (10 events):
Event: 3.476 GC heap before
{Heap before GC invocations=4 (full 0):
 PSYoungGen      total 38400K, used 29663K [0x0000000795580000, 0x000000079a080000, 0x00000007c0000000)
  eden space 33280K, 73% used [0x0000000795580000,0x0000000796d7b060,0x0000000797600000)
  from space 5120K, 99% used [0x0000000797600000,0x0000000797afce90,0x0000000797b00000)
  to   space 5120K, 0% used [0x0000000799b80000,0x0000000799b80000,0x000000079a080000)
 ParOldGen       total 87552K, used 2362K [0x0000000740000000, 0x0000000745580000, 0x0000000795580000)
  object space 87552K, 2% used [0x0000000740000000,0x000000074024e8f8,0x0000000745580000)
 Metaspace       used 20590K, capacity 21234K, committed 21296K, reserved 1067008K
  class space    used 2729K, capacity 2919K, committed 2944K, reserved 1048576K
Event: 3.493 GC heap after
Heap after GC invocations=4 (full 0):
 PSYoungGen      total 71680K, used 5088K [0x0000000795580000, 0x000000079a080000, 0x00000007c0000000)
  eden space 66560K, 0% used [0x0000000795580000,0x0000000795580000,0x0000000799680000)
  from space 5120K, 99% used [0x0000000799b80000,0x000000079a078020,0x000000079a080000)
  to   space 5120K, 0% used [0x0000000799680000,0x0000000799680000,0x0000000799b80000)
 ParOldGen       total 87552K, used 4635K [0x0000000740000000, 0x0000000745580000, 0x0000000795580000)
  object space 87552K, 5% used [0x0000000740000000,0x0000000740486cd8,0x0000000745580000)
 Metaspace       used 20590K, capacity 21234K, committed 21296K, reserved 1067008K
  class space    used 2729K, capacity 2919K, committed 2944K, reserved 1048576K
}
Event: 3.493 GC heap before
{Heap before GC invocations=5 (full 1):
 PSYoungGen      total 71680K, used 5088K [0x0000000795580000, 0x000000079a080000, 0x00000007c0000000)
  eden space 66560K, 0% used [0x0000000795580000,0x0000000795580000,0x0000000799680000)
  from space 5120K, 99% used [0x0000000799b80000,0x000000079a078020,0x000000079a080000)
  to   space 5120K, 0% used [0x0000000799680000,0x0000000799680000,0x0000000799b80000)
 ParOldGen       total 87552K, used 4635K [0x0000000740000000, 0x0000000745580000, 0x0000000795580000)
  object space 87552K, 5% used [0x0000000740000000,0x0000000740486cd8,0x0000000745580000)
 Metaspace       used 20590K, capacity 21234K, committed 21296K, reserved 1067008K
  class space    used 2729K, capacity 2919K, committed 2944K, reserved 1048576K
Event: 3.553 GC heap after
Heap after GC invocations=5 (full 1):
 PSYoungGen      total 71680K, used 0K [0x0000000795580000, 0x000000079a080000, 0x00000007c0000000)
  eden space 66560K, 0% used [0x0000000795580000,0x0000000795580000,0x0000000799680000)
  from space 5120K, 0% used [0x0000000799b80000,0x0000000799b80000,0x000000079a080000)
  to   space 5120K, 0% used [0x0000000799680000,0x0000000799680000,0x0000000799b80000)
 ParOldGen       total 55296K, used 7190K [0x0000000740000000, 0x0000000743600000, 0x0000000795580000)
  object space 55296K, 13% used [0x0000000740000000,0x00000007407059e0,0x0000000743600000)
 Metaspace       used 20590K, capacity 21234K, committed 21296K, reserved 1067008K
  class space    used 2729K, capacity 2919K, committed 2944K, reserved 1048576K
}
Event: 4.420 GC heap before
{Heap before GC invocations=6 (full 1):
 PSYoungGen      total 71680K, used 66560K [0x0000000795580000, 0x000000079a080000, 0x00000007c0000000)
  eden space 66560K, 100% used [0x0000000795580000,0x0000000799680000,0x0000000799680000)
  from space 5120K, 0% used [0x0000000799b80000,0x0000000799b80000,0x000000079a080000)
  to   space 5120K, 0% used [0x0000000799680000,0x0000000799680000,0x0000000799b80000)
 ParOldGen       total 55296K, used 7190K [0x0000000740000000, 0x0000000743600000, 0x0000000795580000)
  object space 55296K, 13% used [0x0000000740000000,0x00000007407059e0,0x0000000743600000)
 Metaspace       used 23711K, capacity 24562K, committed 24704K, reserved 1071104K
  class space    used 3187K, capacity 3377K, committed 3456K, reserved 1048576K
Event: 4.433 GC heap after
Heap after GC invocations=6 (full 1):
 PSYoungGen      total 71680K, used 5098K [0x0000000795580000, 0x000000079ce80000, 0x00000007c0000000)
  eden space 66560K, 0% used [0x0000000795580000,0x0000000795580000,0x0000000799680000)
  from space 5120K, 99% used [0x0000000799680000,0x0000000799b7ab60,0x0000000799b80000)
  to   space 8192K, 0% used [0x000000079c680000,0x000000079c680000,0x000000079ce80000)
 ParOldGen       total 55296K, used 8286K [0x0000000740000000, 0x0000000743600000, 0x0000000795580000)
  object space 55296K, 14% used [0x0000000740000000,0x0000000740817b30,0x0000000743600000)
 Metaspace       used 23711K, capacity 24562K, committed 24704K, reserved 1071104K
  class space    used 3187K, capacity 3377K, committed 3456K, reserved 1048576K
}
Event: 5.145 GC heap before
{Heap before GC invocations=7 (full 1):
 PSYoungGen      total 71680K, used 71658K [0x0000000795580000, 0x000000079ce80000, 0x00000007c0000000)
  eden space 66560K, 100% used [0x0000000795580000,0x0000000799680000,0x0000000799680000)
  from space 5120K, 99% used [0x0000000799680000,0x0000000799b7ab60,0x0000000799b80000)
  to   space 8192K, 0% used [0x000000079c680000,0x000000079c680000,0x000000079ce80000)
 ParOldGen       total 55296K, used 8286K [0x0000000740000000, 0x0000000743600000, 0x0000000795580000)
  object space 55296K, 14% used [0x0000000740000000,0x0000000740817b30,0x0000000743600000)
 Metaspace       used 27592K, capacity 28764K, committed 29056K, reserved 1075200K
  class space    used 3705K, capacity 3958K, committed 3968K, reserved 1048576K
Event: 5.173 GC heap after
Heap after GC invocations=7 (full 1):
 PSYoungGen      total 112640K, used 8191K [0x0000000795580000, 0x000000079d600000, 0x00000007c0000000)
  eden space 104448K, 0% used [0x0000000795580000,0x0000000795580000,0x000000079bb80000)
  from space 8192K, 99% used [0x000000079c680000,0x000000079ce7fd30,0x000000079ce80000)
  to   space 11264K, 0% used [0x000000079bb80000,0x000000079bb80000,0x000000079c680000)
 ParOldGen       total 55296K, used 12082K [0x0000000740000000, 0x0000000743600000, 0x0000000795580000)
  object space 55296K, 21% used [0x0000000740000000,0x0000000740bcc8c0,0x0000000743600000)
 Metaspace       used 27592K, capacity 28764K, committed 29056K, reserved 1075200K
  class space    used 3705K, capacity 3958K, committed 3968K, reserved 1048576K
}
Event: 8050.374 GC heap before
{Heap before GC invocations=8 (full 1):
 PSYoungGen      total 112640K, used 112639K [0x0000000795580000, 0x000000079d600000, 0x00000007c0000000)
  eden space 104448K, 100% used [0x0000000795580000,0x000000079bb80000,0x000000079bb80000)
  from space 8192K, 99% used [0x000000079c680000,0x000000079ce7fd30,0x000000079ce80000)
  to   space 11264K, 0% used [0x000000079bb80000,0x000000079bb80000,0x000000079c680000)
 ParOldGen       total 55296K, used 12082K [0x0000000740000000, 0x0000000743600000, 0x0000000795580000)
  object space 55296K, 21% used [0x0000000740000000,0x0000000740bcc8c0,0x0000000743600000)
 Metaspace       used 30109K, capacity 31574K, committed 31872K, reserved 1077248K
  class space    used 4074K, capacity 4365K, committed 4480K, reserved 1048576K
Event: 8050.462 GC heap after
Heap after GC invocations=8 (full 1):
 PSYoungGen      total 115712K, used 11253K [0x0000000795580000, 0x00000007a0f80000, 0x00000007c0000000)
  eden space 104448K, 0% used [0x0000000795580000,0x0000000795580000,0x000000079bb80000)
  from space 11264K, 99% used [0x000000079bb80000,0x000000079c67d7d0,0x000000079c680000)
  to   space 13312K, 0% used [0x00000007a0280000,0x00000007a0280000,0x00000007a0f80000)
 ParOldGen       total 55296K, used 12499K [0x0000000740000000, 0x0000000743600000, 0x0000000795580000)
  object space 55296K, 22% used [0x0000000740000000,0x0000000740c34ef0,0x0000000743600000)
 Metaspace       used 30109K, capacity 31574K, committed 31872K, reserved 1077248K
  class space    used 4074K, capacity 4365K, committed 4480K, reserved 1048576K
}

